#! /usr/bin/vvp
:ivl_version "10.1 (stable)";
:ivl_delay_selection "TYPICAL";
:vpi_time_precision + 0;
:vpi_module "system";
:vpi_module "vhdl_sys";
:vpi_module "v2005_math";
:vpi_module "va_math";
S_0x5558b3043630 .scope module, "decode" "decode" 2 8;
 .timescale 0 0;
    .port_info 0 /INPUT 32 "instr"
    .port_info 1 /INPUT 1 "reset"
    .port_info 2 /INPUT 1 "clk"
    .port_info 3 /OUTPUT 2 "alu_op"
    .port_info 4 /OUTPUT 1 "reg_write"
    .port_info 5 /OUTPUT 16 "a"
    .port_info 6 /OUTPUT 16 "b"
v0x5558b3066fd0_0 .net "a", 15 0, L_0x5558b3077bf0;  1 drivers
v0x5558b30670b0_0 .var "alu_op", 1 0;
v0x5558b3067170_0 .net "b", 15 0, L_0x5558b3078310;  1 drivers
o0x7fce4b7b9318 .functor BUFZ 1, C4<z>; HiZ drive
v0x5558b3067270_0 .net "clk", 0 0, o0x7fce4b7b9318;  0 drivers
o0x7fce4b7b96d8 .functor BUFZ 32, C4<zzzzzzzzzzzzzzzzzzzzzzzzzzzzzzzz>; HiZ drive
v0x5558b3067340_0 .net "instr", 31 0, o0x7fce4b7b96d8;  0 drivers
v0x5558b30673e0_0 .var "reg_write", 0 0;
o0x7fce4b7b94c8 .functor BUFZ 1, C4<z>; HiZ drive
v0x5558b30674a0_0 .net "reset", 0 0, o0x7fce4b7b94c8;  0 drivers
E_0x5558b3044d00 .event edge, v0x5558b3066df0_0, v0x5558b3067340_0;
L_0x5558b3078590 .part o0x7fce4b7b96d8, 0, 6;
L_0x5558b3078630 .part o0x7fce4b7b96d8, 6, 6;
S_0x5558b3041380 .scope module, "r" "register_file" 2 15, 3 3 0, S_0x5558b3043630;
 .timescale 0 0;
    .port_info 0 /INPUT 1 "clk"
    .port_info 1 /INPUT 1 "rst"
    .port_info 2 /INPUT 1 "reg_write_en"
    .port_info 3 /INPUT 6 "reg_write_dest"
    .port_info 4 /INPUT 16 "reg_write_data"
    .port_info 5 /INPUT 6 "reg_read_addr_1"
    .port_info 6 /OUTPUT 16 "reg_read_data_1"
    .port_info 7 /INPUT 6 "reg_read_addr_2"
    .port_info 8 /OUTPUT 16 "reg_read_data_2"
v0x5558b3044a50_0 .net *"_s0", 31 0, L_0x5558b3067640;  1 drivers
v0x5558b3065730_0 .net *"_s10", 15 0, L_0x5558b3077960;  1 drivers
v0x5558b3065810_0 .net *"_s12", 6 0, L_0x5558b3077a60;  1 drivers
L_0x7fce4b7700f0 .functor BUFT 1, C4<0>, C4<0>, C4<0>, C4<0>;
v0x5558b3065900_0 .net *"_s15", 0 0, L_0x7fce4b7700f0;  1 drivers
v0x5558b30659e0_0 .net *"_s18", 31 0, L_0x5558b3077dd0;  1 drivers
L_0x7fce4b770138 .functor BUFT 1, C4<00000000000000000000000000>, C4<0>, C4<0>, C4<0>;
v0x5558b3065b10_0 .net *"_s21", 25 0, L_0x7fce4b770138;  1 drivers
L_0x7fce4b770180 .functor BUFT 1, C4<00000000000000000000000000000000>, C4<0>, C4<0>, C4<0>;
v0x5558b3065bf0_0 .net/2u *"_s22", 31 0, L_0x7fce4b770180;  1 drivers
v0x5558b3065cd0_0 .net *"_s24", 0 0, L_0x5558b3077f50;  1 drivers
L_0x7fce4b7701c8 .functor BUFT 1, C4<0000000000000000>, C4<0>, C4<0>, C4<0>;
v0x5558b3065d90_0 .net/2u *"_s26", 15 0, L_0x7fce4b7701c8;  1 drivers
v0x5558b3065f00_0 .net *"_s28", 15 0, L_0x5558b3078090;  1 drivers
L_0x7fce4b770018 .functor BUFT 1, C4<00000000000000000000000000>, C4<0>, C4<0>, C4<0>;
v0x5558b3065fe0_0 .net *"_s3", 25 0, L_0x7fce4b770018;  1 drivers
v0x5558b30660c0_0 .net *"_s30", 6 0, L_0x5558b3078180;  1 drivers
L_0x7fce4b770210 .functor BUFT 1, C4<0>, C4<0>, C4<0>, C4<0>;
v0x5558b30661a0_0 .net *"_s33", 0 0, L_0x7fce4b770210;  1 drivers
L_0x7fce4b770060 .functor BUFT 1, C4<00000000000000000000000000000000>, C4<0>, C4<0>, C4<0>;
v0x5558b3066280_0 .net/2u *"_s4", 31 0, L_0x7fce4b770060;  1 drivers
v0x5558b3066360_0 .net *"_s6", 0 0, L_0x5558b30777f0;  1 drivers
L_0x7fce4b7700a8 .functor BUFT 1, C4<0000000000000000>, C4<0>, C4<0>, C4<0>;
v0x5558b3066420_0 .net/2u *"_s8", 15 0, L_0x7fce4b7700a8;  1 drivers
v0x5558b3066500_0 .net "clk", 0 0, o0x7fce4b7b9318;  alias, 0 drivers
v0x5558b30666b0_0 .var/i "i", 31 0;
v0x5558b3066750 .array "reg_array", 0 31, 15 0;
v0x5558b30667f0_0 .net "reg_read_addr_1", 5 0, L_0x5558b3078590;  1 drivers
v0x5558b30668d0_0 .net "reg_read_addr_2", 5 0, L_0x5558b3078630;  1 drivers
v0x5558b30669b0_0 .net "reg_read_data_1", 15 0, L_0x5558b3077bf0;  alias, 1 drivers
v0x5558b3066a90_0 .net "reg_read_data_2", 15 0, L_0x5558b3078310;  alias, 1 drivers
o0x7fce4b7b9438 .functor BUFZ 16, C4<zzzzzzzzzzzzzzzz>; HiZ drive
v0x5558b3066b70_0 .net "reg_write_data", 15 0, o0x7fce4b7b9438;  0 drivers
o0x7fce4b7b9468 .functor BUFZ 6, C4<zzzzzz>; HiZ drive
v0x5558b3066c50_0 .net "reg_write_dest", 5 0, o0x7fce4b7b9468;  0 drivers
L_0x7fce4b770258 .functor BUFT 1, C4<0>, C4<0>, C4<0>, C4<0>;
v0x5558b3066d30_0 .net "reg_write_en", 0 0, L_0x7fce4b770258;  1 drivers
v0x5558b3066df0_0 .net "rst", 0 0, o0x7fce4b7b94c8;  alias, 0 drivers
E_0x5558b30442f0 .event posedge, v0x5558b3066df0_0, v0x5558b3066500_0;
L_0x5558b3067640 .concat [ 6 26 0 0], L_0x5558b3078590, L_0x7fce4b770018;
L_0x5558b30777f0 .cmp/eq 32, L_0x5558b3067640, L_0x7fce4b770060;
L_0x5558b3077960 .array/port v0x5558b3066750, L_0x5558b3077a60;
L_0x5558b3077a60 .concat [ 6 1 0 0], L_0x5558b3078590, L_0x7fce4b7700f0;
L_0x5558b3077bf0 .functor MUXZ 16, L_0x5558b3077960, L_0x7fce4b7700a8, L_0x5558b30777f0, C4<>;
L_0x5558b3077dd0 .concat [ 6 26 0 0], L_0x5558b3078630, L_0x7fce4b770138;
L_0x5558b3077f50 .cmp/eq 32, L_0x5558b3077dd0, L_0x7fce4b770180;
L_0x5558b3078090 .array/port v0x5558b3066750, L_0x5558b3078180;
L_0x5558b3078180 .concat [ 6 1 0 0], L_0x5558b3078630, L_0x7fce4b770210;
L_0x5558b3078310 .functor MUXZ 16, L_0x5558b3078090, L_0x7fce4b7701c8, L_0x5558b3077f50, C4<>;
    .scope S_0x5558b3041380;
T_0 ;
    %wait E_0x5558b30442f0;
    %load/vec4 v0x5558b3066df0_0;
    %flag_set/vec4 8;
    %jmp/0xz  T_0.0, 8;
    %pushi/vec4 0, 0, 32;
    %store/vec4 v0x5558b30666b0_0, 0, 32;
T_0.2 ;
    %load/vec4 v0x5558b30666b0_0;
    %cmpi/s 31, 0, 32;
    %jmp/0xz T_0.3, 5;
    %pushi/vec4 0, 0, 16;
    %ix/getv/s 3, v0x5558b30666b0_0;
    %ix/load 4, 0, 0; Constant delay
    %assign/vec4/a/d v0x5558b3066750, 0, 4;
    %load/vec4 v0x5558b30666b0_0;
    %pushi/vec4 1, 0, 32;
    %add;
    %store/vec4 v0x5558b30666b0_0, 0, 32;
    %jmp T_0.2;
T_0.3 ;
    %jmp T_0.1;
T_0.0 ;
    %load/vec4 v0x5558b3066d30_0;
    %flag_set/vec4 8;
    %jmp/0xz  T_0.4, 8;
    %load/vec4 v0x5558b3066b70_0;
    %load/vec4 v0x5558b3066c50_0;
    %pad/u 7;
    %ix/vec4 3;
    %ix/load 4, 0, 0; Constant delay
    %assign/vec4/a/d v0x5558b3066750, 0, 4;
T_0.4 ;
T_0.1 ;
    %jmp T_0;
    .thread T_0;
    .scope S_0x5558b3043630;
T_1 ;
    %wait E_0x5558b3044d00;
    %load/vec4 v0x5558b30674a0_0;
    %cmpi/e 1, 0, 1;
    %jmp/0xz  T_1.0, 4;
    %pushi/vec4 0, 0, 2;
    %store/vec4 v0x5558b30670b0_0, 0, 2;
    %pushi/vec4 0, 0, 1;
    %store/vec4 v0x5558b30673e0_0, 0, 1;
    %jmp T_1.1;
T_1.0 ;
    %load/vec4 v0x5558b3067340_0;
    %parti/s 6, 26, 6;
    %dup/vec4;
    %pushi/vec4 0, 0, 6;
    %cmp/u;
    %jmp/1 T_1.2, 6;
    %jmp T_1.3;
T_1.2 ;
    %pushi/vec4 1, 0, 2;
    %store/vec4 v0x5558b30670b0_0, 0, 2;
    %pushi/vec4 1, 0, 1;
    %store/vec4 v0x5558b30673e0_0, 0, 1;
    %jmp T_1.3;
T_1.3 ;
    %pop/vec4 1;
T_1.1 ;
    %jmp T_1;
    .thread T_1, $push;
# The file index is used to find the file name in the following table.
:file_names 4;
    "N/A";
    "<interactive>";
    "decode.v";
    "./register_file.v";
